<?xml version="1.0" encoding="UTF-8"?>
<!-- Generated by org.testng.reporters.JUnitReportReporter -->
<testsuite hostname="DESKTOP-IVJF0DT" failures="0" tests="6" name="test.DataDrivenTest" time="0.879" errors="0" timestamp="2024-01-31T18:32:19 GMT-05:00" skipped="0">
  <testcase classname="test.DataDrivenTest" name="testPostUser" time="0.140"/>
  <system-out/>
  <testcase classname="test.DataDrivenTest" name="testPostUser" time="0.147"/>
  <system-out/>
  <testcase classname="test.DataDrivenTest" name="testPostUser" time="0.152"/>
  <system-out/>
  <testcase classname="test.DataDrivenTest" name="testDeleUserByName" time="0.152"/>
  <system-out/>
  <testcase classname="test.DataDrivenTest" name="testDeleUserByName" time="0.137"/>
  <system-out/>
  <testcase classname="test.DataDrivenTest" name="testDeleUserByName" time="0.151"/>
  <system-out/>
</testsuite> <!-- test.DataDrivenTest -->
