<?xml version="1.0" encoding="UTF-8"?>
<!-- Generated by org.testng.reporters.JUnitReportReporter -->
<testsuite hostname="DESKTOP-IVJF0DT" failures="0" tests="4" name="test.UserTests" time="4.561" errors="0" timestamp="2024-01-31T22:34:56 GMT-05:00" skipped="0">
  <testcase classname="test.UserTests" name="testPostUser" time="3.771"/>
  <system-out/>
  <testcase classname="test.UserTests" name="getUserByUsername" time="0.283"/>
  <system-out/>
  <testcase classname="test.UserTests" name="updateUser" time="0.358"/>
  <system-out/>
  <testcase classname="test.UserTests" name="deleteUser" time="0.149"/>
  <system-out/>
</testsuite> <!-- test.UserTests -->
