<?xml version="1.0" encoding="UTF-8"?>
<!-- Generated by org.testng.reporters.JUnitReportReporter -->
<testsuite hostname="DESKTOP-IVJF0DT" failures="0" tests="6" name="test.DataDrivenTest" time="0.914" errors="0" timestamp="2024-01-31T22:34:56 GMT-05:00" skipped="0">
  <testcase classname="test.DataDrivenTest" name="testPostUser" time="0.147"/>
  <system-out/>
  <testcase classname="test.DataDrivenTest" name="testPostUser" time="0.163"/>
  <system-out/>
  <testcase classname="test.DataDrivenTest" name="testPostUser" time="0.150"/>
  <system-out/>
  <testcase classname="test.DataDrivenTest" name="testDeleUserByName" time="0.138"/>
  <system-out/>
  <testcase classname="test.DataDrivenTest" name="testDeleUserByName" time="0.167"/>
  <system-out/>
  <testcase classname="test.DataDrivenTest" name="testDeleUserByName" time="0.149"/>
  <system-out/>
</testsuite> <!-- test.DataDrivenTest -->
