<?xml version="1.0" encoding="UTF-8"?>
<!-- Generated by org.testng.reporters.JUnitReportReporter -->
<testsuite hostname="DESKTOP-IVJF0DT" failures="0" tests="4" name="test.UserTestsFromFileProperties" time="0.808" errors="0" timestamp="2024-01-31T22:34:56 GMT-05:00" skipped="0">
  <testcase classname="test.UserTestsFromFileProperties" name="testPostUser" time="0.193"/>
  <system-out/>
  <testcase classname="test.UserTestsFromFileProperties" name="getUserByUsername" time="0.146"/>
  <system-out/>
  <testcase classname="test.UserTestsFromFileProperties" name="updateUser" time="0.314"/>
  <system-out/>
  <testcase classname="test.UserTestsFromFileProperties" name="deleteUser" time="0.155"/>
  <system-out/>
</testsuite> <!-- test.UserTestsFromFileProperties -->
